<?xml version="1.0" encoding="UTF-8"?>
<testng-results skipped="0" failed="0" ignored="0" total="1" passed="1">
  <reporter-output>
  </reporter-output>
  <suite name="Suite" duration-ms="47" started-at="2019-12-15T03:34:40Z" finished-at="2019-12-15T03:34:40Z">
    <groups>
    </groups>
    <test name="Test" duration-ms="47" started-at="2019-12-15T03:34:40Z" finished-at="2019-12-15T03:34:40Z">
      <class name="maven.demo.SampleMavenProj.Demo">
        <test-method status="PASS" signature="test()[pri:0, instance:maven.demo.SampleMavenProj.Demo@7f9a81e8]" name="test" duration-ms="13" started-at="2019-12-15T03:34:40Z" finished-at="2019-12-15T03:34:40Z">
          <reporter-output>
          </reporter-output>
        </test-method> <!-- test -->
      </class> <!-- maven.demo.SampleMavenProj.Demo -->
    </test> <!-- Test -->
  </suite> <!-- Suite -->
</testng-results>
